"Start of log file."
"D:/My Documents/SkyKidz/Assets/Models/Model_C0601113/Cadnav.com_C0601113.max"
"Starting max loading and fbx conversion"
window = undefined
"Finished max loading and fbx conversion"
"D:/My Documents/SkyKidz/Assets/Models/Penguin/Cadnav.com_A1211032.max"
"Starting max loading and fbx conversion"
window = undefined
"Settings units"
"Before fbx export"
"After fbx export"
"Finished max loading and fbx conversion"
"D:/My Documents/SkyKidz/Assets/Models/Tricycle/Cadnav.com_A1211045.max"
"Starting max loading and fbx conversion"
window = undefined
"Settings units"
"Before fbx export"
"After fbx export"
"Finished max loading and fbx conversion"
"D:/My Documents/SkyKidz/Assets/Models/Monkey/Cadnav.com_C0601113.max"
"Starting max loading and fbx conversion"
window = undefined
"Settings units"
"Before fbx export"
"After fbx export"
"Finished max loading and fbx conversion"
"D:/My Documents/SkyKidz/Assets/Models/Penguin/Cadnav.com_A1211032.max"
"Starting max loading and fbx conversion"
window = undefined
"Settings units"
"Before fbx export"
"After fbx export"
"Finished max loading and fbx conversion"
"D:/My Documents/SkyKidz/Assets/Models/Tortoise/Cadnav.com_A1211023.max"
"Starting max loading and fbx conversion"
window = undefined
"Settings units"
"Before fbx export"
"After fbx export"
"Finished max loading and fbx conversion"
